Connecting to database specified by database.yml
Connecting to database specified by database.yml
Connecting to database specified by database.yml
  [1m[36m (13.1ms)[0m  [1mCREATE TABLE "schema_migrations" ("version" character varying(255) NOT NULL) [0m
  [1m[35m (125.9ms)[0m  CREATE UNIQUE INDEX "unique_schema_migrations" ON "schema_migrations" ("version")
  [1m[36m (0.3ms)[0m  [1mSELECT "schema_migrations"."version" FROM "schema_migrations" [0m
Migrating to CreateEntries (20130404041944)
  [1m[35m (0.2ms)[0m  BEGIN
  [1m[36m (93.1ms)[0m  [1mCREATE TABLE "entries" ("id" serial primary key, "choice" character varying(255), "created_at" timestamp NOT NULL, "updated_at" timestamp NOT NULL) [0m
  [1m[35m (0.5ms)[0m  INSERT INTO "schema_migrations" ("version") VALUES ('20130404041944')
  [1m[36m (16.8ms)[0m  [1mCOMMIT[0m
  [1m[35m (0.5ms)[0m  SELECT "schema_migrations"."version" FROM "schema_migrations" 
Connecting to database specified by database.yml


Started GET "/" for 127.0.0.1 at 2013-04-04 00:26:42 -0400
Processing by EntriesController#index as HTML
  Rendered entries/index.html.erb within layouts/application (3.0ms)
Compiled entries.css  (52ms)  (pid 3633)
Compiled application.css  (59ms)  (pid 3633)
Compiled jquery.js  (2ms)  (pid 3633)
Compiled jquery_ujs.js  (0ms)  (pid 3633)
Compiled entries.js  (573ms)  (pid 3633)
Compiled application.js  (673ms)  (pid 3633)
Completed 200 OK in 861ms (Views: 860.8ms | ActiveRecord: 0.0ms)


Started GET "/assets/application.css?body=1" for 127.0.0.1 at 2013-04-04 00:26:42 -0400
Served asset /application.css - 200 OK (9ms)


Started GET "/assets/jquery_ujs.js?body=1" for 127.0.0.1 at 2013-04-04 00:26:43 -0400
Served asset /jquery_ujs.js - 200 OK (3ms)


Started GET "/assets/entries.css?body=1" for 127.0.0.1 at 2013-04-04 00:26:43 -0400
Served asset /entries.css - 200 OK (2ms)


Started GET "/assets/entries.js?body=1" for 127.0.0.1 at 2013-04-04 00:26:43 -0400
Served asset /entries.js - 200 OK (2ms)


Started GET "/assets/jquery.js?body=1" for 127.0.0.1 at 2013-04-04 00:26:43 -0400
Served asset /jquery.js - 200 OK (7ms)


Started GET "/assets/application.js?body=1" for 127.0.0.1 at 2013-04-04 00:26:43 -0400
Served asset /application.js - 200 OK (8ms)
